  [1m[35m (3121.8ms)[0m  [1m[35mCREATE DATABASE "TrailMix_development" ENCODING = 'unicode'[0m
  ↳ bin/rails:9
  [1m[35m (1575.3ms)[0m  [1m[35mCREATE DATABASE "TrailMix_test" ENCODING = 'unicode'[0m
  ↳ bin/rails:9
  [1m[35m (65.8ms)[0m  [1m[35mCREATE TABLE "schema_migrations" ("version" character varying NOT NULL PRIMARY KEY)[0m
  ↳ bin/rails:9
  [1m[35m (9.8ms)[0m  [1m[35mCREATE TABLE "ar_internal_metadata" ("key" character varying NOT NULL PRIMARY KEY, "value" character varying, "created_at" timestamp NOT NULL, "updated_at" timestamp NOT NULL)[0m
  ↳ bin/rails:9
  [1m[35m (0.1ms)[0m  [1m[34mSELECT pg_try_advisory_lock(478372747421108715)[0m
  ↳ bin/rails:9
  [1m[35m (5.9ms)[0m  [1m[34mSELECT "schema_migrations"."version" FROM "schema_migrations" ORDER BY "schema_migrations"."version" ASC[0m
  ↳ bin/rails:9
Migrating to CreateUsers (20210510160311)
  [1m[35m (0.1ms)[0m  [1m[35mBEGIN[0m
  ↳ bin/rails:9
  [1m[35m (11.2ms)[0m  [1m[35mCREATE TABLE "users" ("id" bigserial primary key, "created_at" timestamp NOT NULL, "updated_at" timestamp NOT NULL)[0m
  ↳ db/migrate/20210510160311_create_users.rb:3
  [1m[36mActiveRecord::SchemaMigration Create (0.9ms)[0m  [1m[32mINSERT INTO "schema_migrations" ("version") VALUES ($1) RETURNING "version"[0m  [["version", "20210510160311"]]
  ↳ bin/rails:9
  [1m[35m (0.5ms)[0m  [1m[35mCOMMIT[0m
  ↳ bin/rails:9
  [1m[36mActiveRecord::InternalMetadata Load (5.7ms)[0m  [1m[34mSELECT  "ar_internal_metadata".* FROM "ar_internal_metadata" WHERE "ar_internal_metadata"."key" = $1 LIMIT $2[0m  [["key", "environment"], ["LIMIT", 1]]
  ↳ bin/rails:9
  [1m[35m (0.1ms)[0m  [1m[35mBEGIN[0m
  ↳ bin/rails:9
  [1m[36mActiveRecord::InternalMetadata Create (1.6ms)[0m  [1m[32mINSERT INTO "ar_internal_metadata" ("key", "value", "created_at", "updated_at") VALUES ($1, $2, $3, $4) RETURNING "key"[0m  [["key", "environment"], ["value", "development"], ["created_at", "2021-05-10 16:49:05.021829"], ["updated_at", "2021-05-10 16:49:05.021829"]]
  ↳ bin/rails:9
  [1m[35m (0.3ms)[0m  [1m[35mCOMMIT[0m
  ↳ bin/rails:9
  [1m[35m (0.2ms)[0m  [1m[34mSELECT pg_advisory_unlock(478372747421108715)[0m
  ↳ bin/rails:9
  [1m[35m (0.4ms)[0m  [1m[34mSELECT "schema_migrations"."version" FROM "schema_migrations" ORDER BY "schema_migrations"."version" ASC[0m
  ↳ bin/rails:9
  [1m[35m (0.1ms)[0m  [1m[34mSELECT pg_try_advisory_lock(478372747421108715)[0m
  ↳ bin/rails:9
  [1m[35m (11.7ms)[0m  [1m[34mSELECT "schema_migrations"."version" FROM "schema_migrations" ORDER BY "schema_migrations"."version" ASC[0m
  ↳ bin/rails:9
Migrating to AddColumnstoUsersTable (20210510182118)
  [1m[35m (0.1ms)[0m  [1m[35mBEGIN[0m
  ↳ bin/rails:9
  [1m[35m (54.4ms)[0m  [1m[35mALTER TABLE "users" ADD "fname" character varying NOT NULL[0m
  ↳ db/migrate/20210510182118_add_columnsto_users_table.rb:3
  [1m[35m (0.5ms)[0m  [1m[35mALTER TABLE "users" ADD "lname" character varying NOT NULL[0m
  ↳ db/migrate/20210510182118_add_columnsto_users_table.rb:4
  [1m[35m (0.5ms)[0m  [1m[35mALTER TABLE "users" ADD "email" character varying NOT NULL[0m
  ↳ db/migrate/20210510182118_add_columnsto_users_table.rb:5
  [1m[35m (0.5ms)[0m  [1m[35mALTER TABLE "users" ADD "password_digest" character varying NOT NULL[0m
  ↳ db/migrate/20210510182118_add_columnsto_users_table.rb:6
  [1m[35m (0.4ms)[0m  [1m[35mALTER TABLE "users" ADD "session_token" character varying NOT NULL[0m
  ↳ db/migrate/20210510182118_add_columnsto_users_table.rb:7
  [1m[35m (4.4ms)[0m  [1m[35mCREATE UNIQUE INDEX  "index_users_on_email" ON "users"  ("email")[0m
  ↳ db/migrate/20210510182118_add_columnsto_users_table.rb:9
  [1m[35m (14.2ms)[0m  [1m[31mROLLBACK[0m
  ↳ bin/rails:9
  [1m[35m (0.4ms)[0m  [1m[34mSELECT pg_advisory_unlock(478372747421108715)[0m
  ↳ bin/rails:9
  [1m[35m (0.6ms)[0m  [1m[34mSELECT "schema_migrations"."version" FROM "schema_migrations" ORDER BY "schema_migrations"."version" ASC[0m
  ↳ bin/rails:9
  [1m[35m (0.1ms)[0m  [1m[34mSELECT pg_try_advisory_lock(478372747421108715)[0m
  ↳ bin/rails:9
  [1m[35m (0.6ms)[0m  [1m[34mSELECT "schema_migrations"."version" FROM "schema_migrations" ORDER BY "schema_migrations"."version" ASC[0m
  ↳ bin/rails:9
Migrating to AddColumnstoUsersTable (20210510182118)
  [1m[35m (0.1ms)[0m  [1m[35mBEGIN[0m
  ↳ bin/rails:9
  [1m[35m (24.5ms)[0m  [1m[35mALTER TABLE "users" ADD "fname" character varying NOT NULL[0m
  ↳ db/migrate/20210510182118_add_columnsto_users_table.rb:3
  [1m[35m (0.3ms)[0m  [1m[35mALTER TABLE "users" ADD "lname" character varying NOT NULL[0m
  ↳ db/migrate/20210510182118_add_columnsto_users_table.rb:4
  [1m[35m (0.4ms)[0m  [1m[35mALTER TABLE "users" ADD "email" character varying NOT NULL[0m
  ↳ db/migrate/20210510182118_add_columnsto_users_table.rb:5
  [1m[35m (0.3ms)[0m  [1m[35mALTER TABLE "users" ADD "password_digest" character varying NOT NULL[0m
  ↳ db/migrate/20210510182118_add_columnsto_users_table.rb:6
  [1m[35m (0.5ms)[0m  [1m[35mALTER TABLE "users" ADD "session_token" character varying NOT NULL[0m
  ↳ db/migrate/20210510182118_add_columnsto_users_table.rb:7
  [1m[35m (3.3ms)[0m  [1m[35mCREATE  INDEX  "index_users_on_email" ON "users"  ("email")[0m
  ↳ db/migrate/20210510182118_add_columnsto_users_table.rb:9
  [1m[35m (3.7ms)[0m  [1m[35mCREATE  INDEX  "index_users_on_session_token" ON "users"  ("session_token")[0m
  ↳ db/migrate/20210510182118_add_columnsto_users_table.rb:10
  [1m[36mActiveRecord::SchemaMigration Create (0.4ms)[0m  [1m[32mINSERT INTO "schema_migrations" ("version") VALUES ($1) RETURNING "version"[0m  [["version", "20210510182118"]]
  ↳ bin/rails:9
  [1m[35m (10.0ms)[0m  [1m[35mCOMMIT[0m
  ↳ bin/rails:9
  [1m[36mActiveRecord::InternalMetadata Load (11.3ms)[0m  [1m[34mSELECT  "ar_internal_metadata".* FROM "ar_internal_metadata" WHERE "ar_internal_metadata"."key" = $1 LIMIT $2[0m  [["key", "environment"], ["LIMIT", 1]]
  ↳ bin/rails:9
  [1m[35m (0.1ms)[0m  [1m[35mBEGIN[0m
  ↳ bin/rails:9
  [1m[35m (0.1ms)[0m  [1m[35mCOMMIT[0m
  ↳ bin/rails:9
  [1m[35m (0.1ms)[0m  [1m[34mSELECT pg_advisory_unlock(478372747421108715)[0m
  ↳ bin/rails:9
  [1m[35m (0.2ms)[0m  [1m[34mSELECT "schema_migrations"."version" FROM "schema_migrations" ORDER BY "schema_migrations"."version" ASC[0m
  ↳ bin/rails:9
  [1m[35m (0.2ms)[0m  [1m[35mBEGIN[0m
  [1m[36mUser Exists (19.7ms)[0m  [1m[34mSELECT  1 AS one FROM "users" WHERE "users"."email" = $1 LIMIT $2[0m  [["email", "cwinn@win.com"], ["LIMIT", 1]]
  [1m[36mUser Exists (0.5ms)[0m  [1m[34mSELECT  1 AS one FROM "users" WHERE "users"."session_token" = $1 LIMIT $2[0m  [["session_token", "GAWHKXOgcYrnN9dXeMbnWQ"], ["LIMIT", 1]]
  [1m[36mUser Create (2.3ms)[0m  [1m[32mINSERT INTO "users" ("created_at", "updated_at", "fname", "lname", "email", "password_digest", "session_token") VALUES ($1, $2, $3, $4, $5, $6, $7) RETURNING "id"[0m  [["created_at", "2021-05-10 18:25:38.977596"], ["updated_at", "2021-05-10 18:25:38.977596"], ["fname", "collin"], ["lname", "winner"], ["email", "cwinn@win.com"], ["password_digest", "$2a$12$n6gfLbf2TcuzZwLvrQo9/OJen/suuWW/zire/jLbmDwD9wZJZZ.kC"], ["session_token", "GAWHKXOgcYrnN9dXeMbnWQ"]]
  [1m[35m (17.5ms)[0m  [1m[35mCOMMIT[0m
  [1m[36mUser Load (0.5ms)[0m  [1m[34mSELECT "users".* FROM "users"[0m
Started GET "/users" for ::1 at 2021-05-10 14:37:40 -0400
  [1m[35m (11.0ms)[0m  [1m[34mSELECT "schema_migrations"."version" FROM "schema_migrations" ORDER BY "schema_migrations"."version" ASC[0m
  ↳ /home/collin/.rbenv/versions/2.5.1/lib/ruby/gems/2.5.0/gems/activerecord-5.2.6/lib/active_record/log_subscriber.rb:98
  
ActionController::RoutingError (No route matches [GET] "/users"):
  
actionpack (5.2.6) lib/action_dispatch/middleware/debug_exceptions.rb:65:in `call'
web-console (3.7.0) lib/web_console/middleware.rb:135:in `call_app'
web-console (3.7.0) lib/web_console/middleware.rb:30:in `block in call'
web-console (3.7.0) lib/web_console/middleware.rb:20:in `catch'
web-console (3.7.0) lib/web_console/middleware.rb:20:in `call'
actionpack (5.2.6) lib/action_dispatch/middleware/show_exceptions.rb:33:in `call'
railties (5.2.6) lib/rails/rack/logger.rb:38:in `call_app'
railties (5.2.6) lib/rails/rack/logger.rb:26:in `block in call'
activesupport (5.2.6) lib/active_support/tagged_logging.rb:71:in `block in tagged'
activesupport (5.2.6) lib/active_support/tagged_logging.rb:28:in `tagged'
activesupport (5.2.6) lib/active_support/tagged_logging.rb:71:in `tagged'
railties (5.2.6) lib/rails/rack/logger.rb:26:in `call'
sprockets-rails (3.2.2) lib/sprockets/rails/quiet_assets.rb:13:in `call'
actionpack (5.2.6) lib/action_dispatch/middleware/remote_ip.rb:81:in `call'
actionpack (5.2.6) lib/action_dispatch/middleware/request_id.rb:27:in `call'
rack (2.2.3) lib/rack/method_override.rb:24:in `call'
rack (2.2.3) lib/rack/runtime.rb:22:in `call'
activesupport (5.2.6) lib/active_support/cache/strategy/local_cache_middleware.rb:29:in `call'
actionpack (5.2.6) lib/action_dispatch/middleware/executor.rb:14:in `call'
actionpack (5.2.6) lib/action_dispatch/middleware/static.rb:127:in `call'
rack (2.2.3) lib/rack/sendfile.rb:110:in `call'
railties (5.2.6) lib/rails/engine.rb:524:in `call'
puma (3.12.6) lib/puma/configuration.rb:227:in `call'
puma (3.12.6) lib/puma/server.rb:706:in `handle_request'
puma (3.12.6) lib/puma/server.rb:476:in `process_client'
puma (3.12.6) lib/puma/server.rb:334:in `block in run'
puma (3.12.6) lib/puma/thread_pool.rb:135:in `block in spawn_thread'
Started GET "/" for ::1 at 2021-05-10 14:37:40 -0400

ActionController::RoutingError - uninitialized constant RootController:

Started POST "/__better_errors/b392e85aedf0c26c/variables" for ::1 at 2021-05-10 14:37:41 -0400
  [1m[36mUser Load (0.2ms)[0m  [1m[34mSELECT  "users".* FROM "users" WHERE "users"."id" = $1 LIMIT $2[0m  [["id", nil], ["LIMIT", 1]]
  [1m[36mUser Load (0.5ms)[0m  [1m[34mSELECT  "users".* FROM "users" WHERE "users"."id" = $1 LIMIT $2[0m  [["id", 1], ["LIMIT", 1]]
  [1m[35m (0.3ms)[0m  [1m[35mBEGIN[0m
  [1m[36mUser Destroy (1.5ms)[0m  [1m[31mDELETE FROM "users" WHERE "users"."id" = $1[0m  [["id", 1]]
  [1m[35m (0.5ms)[0m  [1m[35mCOMMIT[0m
  [1m[36mUser Load (0.4ms)[0m  [1m[34mSELECT "users".* FROM "users"[0m
  [1m[35m (0.2ms)[0m  [1m[35mBEGIN[0m
  [1m[36mUser Exists (0.9ms)[0m  [1m[34mSELECT  1 AS one FROM "users" WHERE "users"."email" = $1 LIMIT $2[0m  [["email", "cwinn@win.com"], ["LIMIT", 1]]
  [1m[36mUser Exists (0.3ms)[0m  [1m[34mSELECT  1 AS one FROM "users" WHERE "users"."session_token" = $1 LIMIT $2[0m  [["session_token", "17dJLMYwQ29QmcHcX1kTnw"], ["LIMIT", 1]]
  [1m[36mUser Create (0.2ms)[0m  [1m[32mINSERT INTO "users" ("created_at", "updated_at", "fname", "lname", "email", "password_digest", "session_token") VALUES ($1, $2, $3, $4, $5, $6, $7) RETURNING "id"[0m  [["created_at", "2021-05-10 18:51:01.417734"], ["updated_at", "2021-05-10 18:51:01.417734"], ["fname", "collin"], ["lname", "winner"], ["email", "cwinn@win.com"], ["password_digest", "$2a$12$RuldQOkB3uCBiwSo8wKQwenoTCu5dLcDvGHQrUmRiEBrOYMm0VfTS"], ["session_token", "17dJLMYwQ29QmcHcX1kTnw"]]
  [1m[35m (0.5ms)[0m  [1m[35mCOMMIT[0m
Started GET "/" for ::1 at 2021-05-10 15:06:45 -0400

ActionController::RoutingError - uninitialized constant RootController:

Started POST "/__better_errors/3ce24c5498556b56/variables" for ::1 at 2021-05-10 15:06:45 -0400
Started GET "/" for ::1 at 2021-05-10 15:07:35 -0400

ActionController::RoutingError - uninitialized constant RootController:

Started POST "/__better_errors/7de213e06a7a57d6/variables" for ::1 at 2021-05-10 15:07:36 -0400
Started GET "/" for ::1 at 2021-05-10 15:15:50 -0400

ActionController::RoutingError - uninitialized constant RootController:

Started POST "/__better_errors/b177613eac179228/variables" for ::1 at 2021-05-10 15:15:50 -0400
Started GET "/" for ::1 at 2021-05-10 15:17:44 -0400

ActionController::RoutingError - uninitialized constant RootController:

Started POST "/__better_errors/0187905bcf7eb8b3/variables" for ::1 at 2021-05-10 15:17:44 -0400
Started GET "/" for ::1 at 2021-05-10 15:19:28 -0400
  [1m[35m (0.6ms)[0m  [1m[34mSELECT "schema_migrations"."version" FROM "schema_migrations" ORDER BY "schema_migrations"."version" ASC[0m
  ↳ /home/collin/.rbenv/versions/2.5.1/lib/ruby/gems/2.5.0/gems/activerecord-5.2.6/lib/active_record/log_subscriber.rb:98

ActionController::RoutingError - uninitialized constant RootController:

Started POST "/__better_errors/d9dbb026fc5cb341/variables" for ::1 at 2021-05-10 15:19:29 -0400
Started GET "/" for ::1 at 2021-05-10 15:20:18 -0400

ActionController::RoutingError - uninitialized constant RootController:

Started POST "/__better_errors/3380f8c62f03aaa5/variables" for ::1 at 2021-05-10 15:20:18 -0400
Started GET "/users" for ::1 at 2021-05-10 15:20:25 -0400
  
ActionController::RoutingError (No route matches [GET] "/users"):
  
actionpack (5.2.6) lib/action_dispatch/middleware/debug_exceptions.rb:65:in `call'
web-console (3.7.0) lib/web_console/middleware.rb:135:in `call_app'
web-console (3.7.0) lib/web_console/middleware.rb:30:in `block in call'
web-console (3.7.0) lib/web_console/middleware.rb:20:in `catch'
web-console (3.7.0) lib/web_console/middleware.rb:20:in `call'
actionpack (5.2.6) lib/action_dispatch/middleware/show_exceptions.rb:33:in `call'
railties (5.2.6) lib/rails/rack/logger.rb:38:in `call_app'
railties (5.2.6) lib/rails/rack/logger.rb:26:in `block in call'
activesupport (5.2.6) lib/active_support/tagged_logging.rb:71:in `block in tagged'
activesupport (5.2.6) lib/active_support/tagged_logging.rb:28:in `tagged'
activesupport (5.2.6) lib/active_support/tagged_logging.rb:71:in `tagged'
railties (5.2.6) lib/rails/rack/logger.rb:26:in `call'
sprockets-rails (3.2.2) lib/sprockets/rails/quiet_assets.rb:13:in `call'
actionpack (5.2.6) lib/action_dispatch/middleware/remote_ip.rb:81:in `call'
actionpack (5.2.6) lib/action_dispatch/middleware/request_id.rb:27:in `call'
rack (2.2.3) lib/rack/method_override.rb:24:in `call'
rack (2.2.3) lib/rack/runtime.rb:22:in `call'
activesupport (5.2.6) lib/active_support/cache/strategy/local_cache_middleware.rb:29:in `call'
actionpack (5.2.6) lib/action_dispatch/middleware/executor.rb:14:in `call'
actionpack (5.2.6) lib/action_dispatch/middleware/static.rb:127:in `call'
rack (2.2.3) lib/rack/sendfile.rb:110:in `call'
railties (5.2.6) lib/rails/engine.rb:524:in `call'
puma (3.12.6) lib/puma/configuration.rb:227:in `call'
puma (3.12.6) lib/puma/server.rb:706:in `handle_request'
puma (3.12.6) lib/puma/server.rb:476:in `process_client'
puma (3.12.6) lib/puma/server.rb:334:in `block in run'
puma (3.12.6) lib/puma/thread_pool.rb:135:in `block in spawn_thread'
Started GET "/" for ::1 at 2021-05-10 15:20:31 -0400

ActionController::RoutingError - uninitialized constant RootController:

Started POST "/__better_errors/42c5398b9868b00f/variables" for ::1 at 2021-05-10 15:20:32 -0400
Started GET "/" for ::1 at 2021-05-10 15:23:52 -0400

ActionController::RoutingError - uninitialized constant RootController:

Started POST "/__better_errors/04582419e5e03eb5/variables" for ::1 at 2021-05-10 15:23:52 -0400
Started GET "/" for ::1 at 2021-05-10 15:28:44 -0400
Processing by StaticPagesController#root as HTML
  Rendering static_pages/root.html.erb within layouts/application
  Rendered static_pages/root.html.erb within layouts/application (0.3ms)
Completed 200 OK in 3266ms (Views: 3258.3ms | ActiveRecord: 0.0ms)


  [1m[36mUser Load (0.5ms)[0m  [1m[34mSELECT "users".* FROM "users"[0m
Started GET "/" for ::1 at 2021-05-10 15:37:26 -0400
Processing by StaticPagesController#root as */*
  Rendering static_pages/root.html.erb within layouts/application
  Rendered static_pages/root.html.erb within layouts/application (0.4ms)
Completed 200 OK in 97ms (Views: 73.9ms | ActiveRecord: 0.0ms)


Started POST "/api/session" for ::1 at 2021-05-10 15:39:10 -0400

LoadError - Unable to autoload constant Api::SessionsController, expected /mnt/c/Users/cmwin/Desktop/trailmix/TrailMix/app/controllers/api/sessions_controller.rb to define it:

Started POST "/api/session" for ::1 at 2021-05-10 15:39:48 -0400

NoMethodError - undefined method `make_response!' for Api::SessionsController(Table doesn't exist):Class:

Started POST "/" for ::1 at 2021-05-10 15:44:54 -0400
  
ActionController::RoutingError (No route matches [POST] "/"):
  
actionpack (5.2.6) lib/action_dispatch/middleware/debug_exceptions.rb:65:in `call'
web-console (3.7.0) lib/web_console/middleware.rb:135:in `call_app'
web-console (3.7.0) lib/web_console/middleware.rb:30:in `block in call'
web-console (3.7.0) lib/web_console/middleware.rb:20:in `catch'
web-console (3.7.0) lib/web_console/middleware.rb:20:in `call'
actionpack (5.2.6) lib/action_dispatch/middleware/show_exceptions.rb:33:in `call'
railties (5.2.6) lib/rails/rack/logger.rb:38:in `call_app'
railties (5.2.6) lib/rails/rack/logger.rb:26:in `block in call'
activesupport (5.2.6) lib/active_support/tagged_logging.rb:71:in `block in tagged'
activesupport (5.2.6) lib/active_support/tagged_logging.rb:28:in `tagged'
activesupport (5.2.6) lib/active_support/tagged_logging.rb:71:in `tagged'
railties (5.2.6) lib/rails/rack/logger.rb:26:in `call'
sprockets-rails (3.2.2) lib/sprockets/rails/quiet_assets.rb:13:in `call'
actionpack (5.2.6) lib/action_dispatch/middleware/remote_ip.rb:81:in `call'
actionpack (5.2.6) lib/action_dispatch/middleware/request_id.rb:27:in `call'
rack (2.2.3) lib/rack/method_override.rb:24:in `call'
rack (2.2.3) lib/rack/runtime.rb:22:in `call'
activesupport (5.2.6) lib/active_support/cache/strategy/local_cache_middleware.rb:29:in `call'
actionpack (5.2.6) lib/action_dispatch/middleware/executor.rb:14:in `call'
actionpack (5.2.6) lib/action_dispatch/middleware/static.rb:127:in `call'
rack (2.2.3) lib/rack/sendfile.rb:110:in `call'
railties (5.2.6) lib/rails/engine.rb:524:in `call'
puma (3.12.6) lib/puma/configuration.rb:227:in `call'
puma (3.12.6) lib/puma/server.rb:706:in `handle_request'
puma (3.12.6) lib/puma/server.rb:476:in `process_client'
puma (3.12.6) lib/puma/server.rb:334:in `block in run'
puma (3.12.6) lib/puma/thread_pool.rb:135:in `block in spawn_thread'
Started POST "/api/session" for ::1 at 2021-05-10 15:45:10 -0400

NoMethodError - undefined method `make_response!' for Api::SessionsController(Table doesn't exist):Class:

Started POST "/api/session" for ::1 at 2021-05-10 15:47:10 -0400

NoMethodError - undefined method `make_response!' for Api::SessionsController(Table doesn't exist):Class:

Started POST "/api/session" for ::1 at 2021-05-10 15:49:28 -0400

RuntimeError - Circular dependency detected while autoloading constant ApplicationController:
  app/controllers/application_controller.rb:1:in `<top (required)>'
  app/controllers/api/sessions_controller.rb:1:in `<top (required)>'

Started POST "/api/session" for ::1 at 2021-05-10 15:50:25 -0400
Processing by Api::SessionsController#create as JSON
Can't verify CSRF token authenticity.
Completed 422 Unprocessable Entity in 1ms (ActiveRecord: 0.0ms)



ActionController::InvalidAuthenticityToken - ActionController::InvalidAuthenticityToken:

Started POST "/api/session" for ::1 at 2021-05-10 15:50:46 -0400
Processing by Api::SessionsController#create as JSON
Can't verify CSRF token authenticity.
Completed 422 Unprocessable Entity in 1ms (ActiveRecord: 0.0ms)



ActionController::InvalidAuthenticityToken - ActionController::InvalidAuthenticityToken:

Started POST "/api/session" for ::1 at 2021-05-10 15:53:23 -0400
Processing by Api::SessionsController#create as JSON
Can't verify CSRF token authenticity.
Completed 422 Unprocessable Entity in 1ms (ActiveRecord: 0.0ms)



ActionController::InvalidAuthenticityToken - ActionController::InvalidAuthenticityToken:

Started POST "/api/session" for ::1 at 2021-05-10 15:58:45 -0400
Processing by Api::SessionsController#create as JSON
Can't verify CSRF token authenticity.
Completed 422 Unprocessable Entity in 1ms (ActiveRecord: 0.0ms)



ActionController::InvalidAuthenticityToken - ActionController::InvalidAuthenticityToken:

Started POST "/api/session" for ::1 at 2021-05-10 16:01:27 -0400
Processing by Api::SessionsController#create as JSON
Completed 500 Internal Server Error in 13ms (ActiveRecord: 0.0ms)



NoMethodError - undefined method `[]' for nil:NilClass:
  app/controllers/api/sessions_controller.rb:5:in `create'

Started POST "/api/session" for ::1 at 2021-05-10 16:02:30 -0400
Processing by Api::SessionsController#create as JSON
Completed 500 Internal Server Error in 6ms (ActiveRecord: 0.0ms)



NoMethodError - undefined method `[]' for nil:NilClass:
  app/controllers/api/sessions_controller.rb:5:in `create'

Started POST "/api/session" for ::1 at 2021-05-10 16:05:56 -0400
Processing by Api::SessionsController#create as JSON
  [1m[36mUser Load (22.5ms)[0m  [1m[34mSELECT  "users".* FROM "users" WHERE "users"."email" IS NULL LIMIT $1[0m  [["LIMIT", 1]]
  ↳ app/models/user.rb:11
Completed 401 Unauthorized in 41ms (Views: 0.2ms | ActiveRecord: 26.0ms)


Started POST "/api/session" for ::1 at 2021-05-10 16:06:06 -0400
Processing by Api::SessionsController#create as JSON
Completed 500 Internal Server Error in 6ms (ActiveRecord: 0.0ms)



NoMethodError - undefined method `[]' for nil:NilClass:
  app/controllers/api/sessions_controller.rb:5:in `create'

Started POST "/api/session" for ::1 at 2021-05-10 16:06:25 -0400
Processing by Api::SessionsController#create as JSON
  [1m[36mUser Load (0.3ms)[0m  [1m[34mSELECT  "users".* FROM "users" WHERE "users"."email" IS NULL LIMIT $1[0m  [["LIMIT", 1]]
  ↳ app/models/user.rb:11
Completed 401 Unauthorized in 10ms (Views: 0.2ms | ActiveRecord: 2.0ms)


Started POST "/api/session" for ::1 at 2021-05-10 16:09:15 -0400
Processing by Api::SessionsController#create as JSON
Completed 500 Internal Server Error in 6ms (ActiveRecord: 0.0ms)



NoMethodError - undefined method `[]' for nil:NilClass:
  app/controllers/api/sessions_controller.rb:5:in `create'

Started POST "/api/session" for ::1 at 2021-05-10 16:12:48 -0400
Processing by Api::SessionsController#create as JSON
Completed 500 Internal Server Error in 1ms (ActiveRecord: 0.0ms)



NoMethodError - undefined method `[]' for nil:NilClass:
  app/controllers/api/sessions_controller.rb:5:in `create'

Started POST "/api/session" for ::1 at 2021-05-10 16:13:46 -0400
Processing by Api::SessionsController#create as JSON
  [1m[36mUser Load (0.8ms)[0m  [1m[34mSELECT  "users".* FROM "users" WHERE "users"."email" IS NULL LIMIT $1[0m  [["LIMIT", 1]]
  ↳ app/models/user.rb:11
Started POST "/api/session" for ::1 at 2021-05-10 16:18:13 -0400
  [1m[35m (0.8ms)[0m  [1m[34mSELECT "schema_migrations"."version" FROM "schema_migrations" ORDER BY "schema_migrations"."version" ASC[0m
  ↳ /home/collin/.rbenv/versions/2.5.1/lib/ruby/gems/2.5.0/gems/activerecord-5.2.6/lib/active_record/log_subscriber.rb:98
Processing by Api::SessionsController#create as JSON
Completed 500 Internal Server Error in 11ms (ActiveRecord: 0.0ms)



NoMethodError - undefined method `[]' for nil:NilClass:
  app/controllers/api/sessions_controller.rb:6:in `create'

Started POST "/api/session" for ::1 at 2021-05-10 16:18:38 -0400
Processing by Api::SessionsController#create as JSON
Completed 500 Internal Server Error in 1ms (ActiveRecord: 0.0ms)



NoMethodError - undefined method `[]' for nil:NilClass:
  app/controllers/api/sessions_controller.rb:6:in `create'

Started POST "/api/session" for ::1 at 2021-05-10 16:19:55 -0400
Processing by Api::SessionsController#create as JSON
Unpermitted parameter: :format
  [1m[36mUser Load (0.7ms)[0m  [1m[34mSELECT  "users".* FROM "users" WHERE "users"."email" IS NULL LIMIT $1[0m  [["LIMIT", 1]]
  ↳ app/models/user.rb:11
Completed 401 Unauthorized in 15ms (Views: 0.2ms | ActiveRecord: 2.5ms)


Started POST "/api/session" for ::1 at 2021-05-10 16:20:08 -0400
Processing by Api::SessionsController#create as JSON
Unpermitted parameter: :format
  [1m[36mUser Load (0.2ms)[0m  [1m[34mSELECT  "users".* FROM "users" WHERE "users"."email" IS NULL LIMIT $1[0m  [["LIMIT", 1]]
  ↳ app/models/user.rb:11
Completed 401 Unauthorized in 35813ms (Views: 0.2ms | ActiveRecord: 1.7ms)


Started POST "/api/session" for ::1 at 2021-05-10 16:20:47 -0400
Processing by Api::SessionsController#create as JSON
Completed 400 Bad Request in 49585ms (ActiveRecord: 0.0ms)



ActionController::ParameterMissing - param is missing or the value is empty: user:
  app/controllers/api/sessions_controller.rb:6:in `create'

Started POST "/api/session" for ::1 at 2021-05-10 16:30:12 -0400
Processing by Api::SessionsController#create as JSON
  Parameters: {"email"=>"\"cwinn@win.com\"", "password"=>"[FILTERED]"}
Completed 500 Internal Server Error in 7ms (ActiveRecord: 0.0ms)



NoMethodError - undefined method `[]' for nil:NilClass:
  app/controllers/api/sessions_controller.rb:7:in `create'

Started POST "/api/session" for ::1 at 2021-05-10 16:30:54 -0400
Processing by Api::SessionsController#create as JSON
  Parameters: {"email"=>"\"cwinn@win.com\"", "password"=>"[FILTERED]"}
Completed 500 Internal Server Error in 1ms (ActiveRecord: 0.0ms)



NoMethodError - undefined method `[]' for nil:NilClass:
  app/controllers/api/sessions_controller.rb:7:in `create'

Started POST "/api/session" for ::1 at 2021-05-10 16:31:14 -0400
Processing by Api::SessionsController#create as JSON
  Parameters: {"user"=>{"email"=>"\"cwinn@win.com\"", "password"=>"[FILTERED]"}}
  [1m[36mUser Load (1.1ms)[0m  [1m[34mSELECT  "users".* FROM "users" WHERE "users"."email" = $1 LIMIT $2[0m  [["email", "\"cwinn@win.com\""], ["LIMIT", 1]]
  ↳ app/models/user.rb:11
Completed 401 Unauthorized in 10ms (Views: 0.3ms | ActiveRecord: 5.0ms)


Started POST "/api/session" for ::1 at 2021-05-10 16:34:05 -0400
Processing by Api::SessionsController#create as JSON
  Parameters: {"user"=>{"email"=>"\"cwinn@win.com\"", "password"=>"[FILTERED]"}}
  [1m[36mUser Load (0.4ms)[0m  [1m[34mSELECT  "users".* FROM "users" WHERE "users"."email" = $1 LIMIT $2[0m  [["email", "\"cwinn@win.com\""], ["LIMIT", 1]]
  ↳ app/models/user.rb:11
Completed 401 Unauthorized in 10ms (Views: 0.2ms | ActiveRecord: 2.0ms)


Started POST "/api/session" for ::1 at 2021-05-10 16:34:15 -0400
Processing by Api::SessionsController#create as JSON
  Parameters: {"email"=>"\"cwinn@win.com\"", "password"=>"[FILTERED]"}
Completed 500 Internal Server Error in 1ms (ActiveRecord: 0.0ms)



NoMethodError - undefined method `[]' for nil:NilClass:
  app/controllers/api/sessions_controller.rb:7:in `create'

Started POST "/api/session" for ::1 at 2021-05-10 16:35:27 -0400
Processing by Api::SessionsController#create as JSON
  Parameters: {"email"=>"\"cwinn@win.com\"", "password"=>"[FILTERED]"}
Completed 500 Internal Server Error in 72892ms (ActiveRecord: 0.0ms)



NoMethodError - undefined method `[]' for nil:NilClass:
  app/controllers/api/sessions_controller.rb:7:in `create'

Started POST "/api/session" for ::1 at 2021-05-10 16:37:26 -0400
Processing by Api::SessionsController#create as JSON
  Parameters: {"email"=>"\"cwinn@win.com\"", "password"=>"[FILTERED]"}
Completed 500 Internal Server Error in 3570ms (ActiveRecord: 0.0ms)



NoMethodError - undefined method `[]' for nil:NilClass:
  app/controllers/api/sessions_controller.rb:7:in `create'

Started POST "/api/session" for ::1 at 2021-05-10 16:37:56 -0400
Processing by Api::SessionsController#create as JSON
  Parameters: {"email"=>"\"cwinn@win.com\"", "password"=>"[FILTERED]"}
  [1m[36mUser Load (0.4ms)[0m  [1m[34mSELECT  "users".* FROM "users" WHERE "users"."email" = $1 LIMIT $2[0m  [["email", "\"cwinn@win.com\""], ["LIMIT", 1]]
  ↳ app/models/user.rb:11
Completed 401 Unauthorized in 11ms (Views: 0.2ms | ActiveRecord: 1.7ms)


Started POST "/api/session" for ::1 at 2021-05-10 16:39:08 -0400
Processing by Api::SessionsController#create as JSON
  Parameters: {"email"=>"\"cwinn@win.com\"", "password"=>"[FILTERED]"}
  [1m[36mUser Load (0.4ms)[0m  [1m[34mSELECT  "users".* FROM "users" WHERE "users"."email" = $1 LIMIT $2[0m  [["email", "\"cwinn@win.com\""], ["LIMIT", 1]]
  ↳ app/models/user.rb:11
Completed 401 Unauthorized in 42684ms (Views: 0.4ms | ActiveRecord: 2.5ms)


Started POST "/api/session" for ::1 at 2021-05-10 16:39:53 -0400
Processing by Api::SessionsController#create as JSON
  Parameters: {"email"=>"cwinn@win.com", "password"=>"[FILTERED]"}
  [1m[36mUser Load (0.5ms)[0m  [1m[34mSELECT  "users".* FROM "users" WHERE "users"."email" = $1 LIMIT $2[0m  [["email", "cwinn@win.com"], ["LIMIT", 1]]
  ↳ app/models/user.rb:11
Completed 401 Unauthorized in 7884ms (Views: 0.2ms | ActiveRecord: 27.0ms)


Started POST "/api/session" for ::1 at 2021-05-10 16:40:04 -0400
Processing by Api::SessionsController#create as JSON
  Parameters: {"email"=>"cwinn@win.com", "password"=>"[FILTERED]"}
  [1m[36mUser Load (0.4ms)[0m  [1m[34mSELECT  "users".* FROM "users" WHERE "users"."email" = $1 LIMIT $2[0m  [["email", "cwinn@win.com"], ["LIMIT", 1]]
  ↳ app/models/user.rb:11
  Rendering api/users/show.json.jbuilder
  Rendered api/users/_user.json.jbuilder (0.3ms)
  Rendered api/users/show.json.jbuilder (1.8ms)
Completed 200 OK in 3178ms (Views: 12.0ms | ActiveRecord: 0.4ms)


Started POST "/api/session" for ::1 at 2021-05-10 16:44:58 -0400
Processing by Api::SessionsController#create as JSON
  Parameters: {"email"=>"cwinn@win.com", "password"=>"[FILTERED]"}
Completed 500 Internal Server Error in 2716ms (ActiveRecord: 0.0ms)



NoMethodError - undefined method `[]' for nil:NilClass:
  app/controllers/api/sessions_controller.rb:7:in `create'

Started POST "/api/session" for ::1 at 2021-05-10 16:45:19 -0400
Processing by Api::SessionsController#create as JSON
  Parameters: {"email"=>"cwinn@win.com", "password"=>"[FILTERED]"}
  [1m[36mUser Load (0.2ms)[0m  [1m[34mSELECT  "users".* FROM "users" WHERE "users"."email" = $1 LIMIT $2[0m  [["email", "cwinn@win.com"], ["LIMIT", 1]]
  ↳ app/models/user.rb:11
  Rendering api/users/show.json.jbuilder
  Rendered api/users/_user.json.jbuilder (0.3ms)
  Rendered api/users/show.json.jbuilder (2.0ms)
Completed 200 OK in 233ms (Views: 8.8ms | ActiveRecord: 4.1ms)


Started POST "/api/session" for ::1 at 2021-05-10 16:53:35 -0400
Processing by Api::SessionsController#create as JSON
  Parameters: {"email"=>"cwinn@win.com", "password"=>"[FILTERED]"}
Completed 500 Internal Server Error in 7ms (ActiveRecord: 0.0ms)



NoMethodError - undefined method `[]' for nil:NilClass:
  app/controllers/api/sessions_controller.rb:7:in `create'

Started POST "/api/session" for ::1 at 2021-05-10 16:54:11 -0400
Processing by Api::SessionsController#create as JSON
  Parameters: {"email"=>"cwinn@win.com", "password"=>"[FILTERED]"}
Completed 500 Internal Server Error in 9ms (ActiveRecord: 0.0ms)



NoMethodError - undefined method `[]' for nil:NilClass:
  app/controllers/api/sessions_controller.rb:7:in `create'

Started POST "/api/session" for ::1 at 2021-05-10 16:54:47 -0400
Processing by Api::SessionsController#create as JSON
  Parameters: {"email"=>"cwinn@win.com", "password"=>"[FILTERED]"}
  [1m[36mUser Load (1.1ms)[0m  [1m[34mSELECT  "users".* FROM "users" WHERE "users"."email" = $1 LIMIT $2[0m  [["email", "cwinn@win.com"], ["LIMIT", 1]]
  ↳ app/models/user.rb:11
  Rendering api/users/show.json.jbuilder
  Rendered api/users/_user.json.jbuilder (4.8ms)
  Rendered api/users/show.json.jbuilder (6.5ms)
Completed 500 Internal Server Error in 5015ms (ActiveRecord: 9.7ms)



NoMethodError - undefined method `id' for nil:NilClass:
  app/views/api/users/_user.json.jbuilder:1:in `_app_views_api_users__user_json_jbuilder__2547782659628715486_70105141397280'
  app/views/api/users/show.json.jbuilder:1:in `_app_views_api_users_show_json_jbuilder___2709186242435099161_70105141426100'
  app/controllers/api/sessions_controller.rb:13:in `create'

Started POST "/api/session" for ::1 at 2021-05-10 16:55:37 -0400
Processing by Api::SessionsController#create as JSON
  Parameters: {"email"=>"cwinn@win.com", "password"=>"[FILTERED]"}
  [1m[36mUser Load (0.3ms)[0m  [1m[34mSELECT  "users".* FROM "users" WHERE "users"."email" = $1 LIMIT $2[0m  [["email", "cwinn@win.com"], ["LIMIT", 1]]
  ↳ app/models/user.rb:11
  Rendering api/users/show.json.jbuilder
  Rendered api/users/_user.json.jbuilder (3.5ms)
  Rendered api/users/show.json.jbuilder (6.0ms)
Completed 500 Internal Server Error in 2624ms (ActiveRecord: 0.3ms)



NoMethodError - undefined method `id' for nil:NilClass:
  app/views/api/users/_user.json.jbuilder:1:in `_app_views_api_users__user_json_jbuilder__2547782659628715486_70105009898200'
  app/views/api/users/show.json.jbuilder:1:in `_app_views_api_users_show_json_jbuilder___2709186242435099161_70105010004220'
  app/controllers/api/sessions_controller.rb:13:in `create'

Started POST "/api/session" for ::1 at 2021-05-10 16:58:59 -0400
Processing by Api::SessionsController#create as JSON
  Parameters: {"email"=>"cwinn@win.com", "password"=>"[FILTERED]"}
  [1m[36mUser Load (0.5ms)[0m  [1m[34mSELECT  "users".* FROM "users" WHERE "users"."email" = $1 LIMIT $2[0m  [["email", "cwinn@win.com"], ["LIMIT", 1]]
  ↳ app/models/user.rb:11
  Rendering api/users/show.json.jbuilder
  Rendered api/users/_user.json.jbuilder (0.5ms)
  Rendered api/users/show.json.jbuilder (2.8ms)
Completed 200 OK in 7082ms (Views: 17.5ms | ActiveRecord: 5.5ms)


Started DELETE "/api/session" for ::1 at 2021-05-10 17:01:13 -0400
Processing by Api::SessionsController#destroy as JSON
  Parameters: {"email"=>"cwinn@win.com", "password"=>"[FILTERED]"}
  [1m[36mUser Load (0.4ms)[0m  [1m[34mSELECT  "users".* FROM "users" WHERE "users"."session_token" = $1 LIMIT $2[0m  [["session_token", "17dJLMYwQ29QmcHcX1kTnw"], ["LIMIT", 1]]
  ↳ app/controllers/application_controller.rb:8
  [1m[35m (0.2ms)[0m  [1m[35mBEGIN[0m
  ↳ app/models/user.rb:35
  [1m[36mUser Exists (0.4ms)[0m  [1m[34mSELECT  1 AS one FROM "users" WHERE "users"."email" = $1 AND "users"."id" != $2 LIMIT $3[0m  [["email", "cwinn@win.com"], ["id", 2], ["LIMIT", 1]]
  ↳ app/models/user.rb:35
  [1m[36mUser Exists (0.5ms)[0m  [1m[34mSELECT  1 AS one FROM "users" WHERE "users"."session_token" = $1 AND "users"."id" != $2 LIMIT $3[0m  [["session_token", "Whf1-XSqE3JKxLxdZMTOXw"], ["id", 2], ["LIMIT", 1]]
  ↳ app/models/user.rb:35
  [1m[36mUser Update (1.0ms)[0m  [1m[33mUPDATE "users" SET "session_token" = $1, "updated_at" = $2 WHERE "users"."id" = $3[0m  [["session_token", "Whf1-XSqE3JKxLxdZMTOXw"], ["updated_at", "2021-05-10 21:01:13.270156"], ["id", 2]]
  ↳ app/models/user.rb:35
  [1m[35m (7.6ms)[0m  [1m[35mCOMMIT[0m
  ↳ app/models/user.rb:35
Completed 200 OK in 20ms (Views: 0.2ms | ActiveRecord: 10.2ms)


Started DELETE "/api/session" for ::1 at 2021-05-10 17:03:40 -0400
Processing by Api::SessionsController#destroy as JSON
  Parameters: {"emaill"=>"cwinn@win.com", "password"=>"[FILTERED]"}
Completed 500 Internal Server Error in 3ms (ActiveRecord: 0.0ms)



NoMethodError - undefined method `reset_session_token!' for nil:NilClass:
  app/controllers/application_controller.rb:16:in `logout!'
  app/controllers/api/sessions_controller.rb:18:in `destroy'

Started POST "/api/session" for ::1 at 2021-05-10 17:03:59 -0400
Processing by Api::SessionsController#create as JSON
  Parameters: {"emaill"=>"cwinn@win.com", "password"=>"[FILTERED]"}
  [1m[36mUser Load (0.4ms)[0m  [1m[34mSELECT  "users".* FROM "users" WHERE "users"."email" IS NULL LIMIT $1[0m  [["LIMIT", 1]]
  ↳ app/models/user.rb:11
Completed 401 Unauthorized in 2910ms (Views: 0.2ms | ActiveRecord: 0.4ms)


Started POST "/api/session" for ::1 at 2021-05-10 17:04:22 -0400
Processing by Api::SessionsController#create as JSON
  Parameters: {"email"=>"cwinn@win.com", "password"=>"[FILTERED]"}
  [1m[36mUser Load (0.4ms)[0m  [1m[34mSELECT  "users".* FROM "users" WHERE "users"."email" = $1 LIMIT $2[0m  [["email", "cwinn@win.com"], ["LIMIT", 1]]
  ↳ app/models/user.rb:11
  Rendering api/users/show.json.jbuilder
  Rendered api/users/_user.json.jbuilder (0.3ms)
  Rendered api/users/show.json.jbuilder (1.9ms)
Completed 200 OK in 222ms (Views: 9.0ms | ActiveRecord: 4.3ms)


Started POST "/api/session" for ::1 at 2021-05-10 17:04:29 -0400
Processing by Api::SessionsController#create as JSON
  Parameters: {"email"=>"cwinn@win.comaa", "password"=>"[FILTERED]"}
  [1m[36mUser Load (0.4ms)[0m  [1m[34mSELECT  "users".* FROM "users" WHERE "users"."email" = $1 LIMIT $2[0m  [["email", "cwinn@win.comaa"], ["LIMIT", 1]]
  ↳ app/models/user.rb:11
Completed 401 Unauthorized in 3ms (Views: 0.2ms | ActiveRecord: 0.4ms)


Started POST "/api/session" for ::1 at 2021-05-10 17:04:33 -0400
Processing by Api::SessionsController#create as JSON
  Parameters: {"email"=>"cwinn@win.com", "password"=>"[FILTERED]"}
  [1m[36mUser Load (0.5ms)[0m  [1m[34mSELECT  "users".* FROM "users" WHERE "users"."email" = $1 LIMIT $2[0m  [["email", "cwinn@win.com"], ["LIMIT", 1]]
  ↳ app/models/user.rb:11
  Rendering api/users/show.json.jbuilder
  Rendered api/users/_user.json.jbuilder (0.2ms)
  Rendered api/users/show.json.jbuilder (1.7ms)
Completed 200 OK in 214ms (Views: 8.3ms | ActiveRecord: 0.5ms)


Started POST "/api/session" for ::1 at 2021-05-10 17:05:13 -0400
Processing by Api::SessionsController#create as JSON
  Parameters: {"user"=>{"email"=>"cwinn@win.com", "password"=>"[FILTERED]"}}
  [1m[36mUser Load (0.3ms)[0m  [1m[34mSELECT  "users".* FROM "users" WHERE "users"."email" IS NULL LIMIT $1[0m  [["LIMIT", 1]]
  ↳ app/models/user.rb:11
Completed 401 Unauthorized in 2ms (Views: 0.2ms | ActiveRecord: 0.3ms)


Started POST "/api/session" for ::1 at 2021-05-10 17:06:37 -0400
Processing by Api::SessionsController#create as JSON
  Parameters: {"email"=>"cwinn@win.com", "password"=>"[FILTERED]"}
  [1m[36mUser Load (0.2ms)[0m  [1m[34mSELECT  "users".* FROM "users" WHERE "users"."email" = $1 LIMIT $2[0m  [["email", "cwinn@win.com"], ["LIMIT", 1]]
  ↳ app/models/user.rb:11
  Rendering api/users/show.json.jbuilder
  Rendered api/users/_user.json.jbuilder (0.3ms)
  Rendered api/users/show.json.jbuilder (2.1ms)
Completed 200 OK in 209ms (Views: 8.8ms | ActiveRecord: 0.2ms)


Started POST "/api/session" for ::1 at 2021-05-10 17:06:55 -0400
Processing by Api::SessionsController#create as JSON
  Parameters: {"email"=>"cwinn@win.com", "password"=>"[FILTERED]"}
  [1m[36mUser Load (0.1ms)[0m  [1m[34mSELECT  "users".* FROM "users" WHERE "users"."email" = $1 LIMIT $2[0m  [["email", "cwinn@win.com"], ["LIMIT", 1]]
  ↳ app/models/user.rb:11
  Rendering api/users/show.json.jbuilder
  Rendered api/users/_user.json.jbuilder (0.5ms)
  Rendered api/users/show.json.jbuilder (2.4ms)
Completed 200 OK in 232ms (Views: 9.6ms | ActiveRecord: 3.7ms)


